GEMX:   ../../out_host/gemx_host.exe  ../gemx.xclbin  ../../out_host/app.bin ../app_out.bin
INFO: loading ../../out_host/app.bin of size 9756672
INFO: loaded 9756672 bytes from ../../out_host/app.bin
Linux:4.9.5-1.el7.elrepo.x86_64:#1 SMP Fri Jan 20 11:34:13 EST 2017:x86_64
--- 
XILINX_OPENCL="/proj/fisdata/fisusr/no_backup/results/head/sdaccel/SDX_CNN/gemx_Perf_run1Fcn_vu9p_short/TEST_WORK_segmm_20180421_230028_lnx64/fcn/out_hw/xbinst"
LD_LIBRARY_PATH="/proj/isissd_test/xbuilds/2017.4_0415_1/installs/lin64/SDx/2017.4/../../../../internal_platforms/xilinx_aws-vu9p-f1_dynamic_5_0/sw/lib/x84_64:/proj/fisdata/fisusr/no_backup/results/head/sdaccel/SDX_CNN/gemx_Perf_run1Fcn_vu9p_short/TEST_WORK_segmm_20180421_230028_lnx64/fcn/out_hw/xbinst/runtime/lib/x86_64/:/proj/fisdata/fisusr/no_backup/results/head/sdaccel/SDX_CNN/gemx_Perf_run1Fcn_vu9p_short/TEST_WORK_segmm_20180421_230028_lnx64/fcn/out_hw/xbinst/runtime/lib:/proj/isissd_test/xbuilds/2017.4_0415_1/installs/lin64/SDx/2017.4/lnx64/tools/opencv:/proj/rdi-xsj/xfndry/EDK_P.20131013/cust_rtf/lib/lin64:/proj/rdi-xsj/xfndry/P_INT.20180321/cust_rtf/lib/lin64:/opt/xbinst/runtime/lib/x86_64:/group/xcofarm/lsf/10.1/linux3.10-glibc2.17-x86_64/lib:/group/xcofarm/lsf/10.1/linux2.6-glibc2.3-x86_64/lib:/tools/batonroot/rodin/devkits/lnx64/cloog-ppl-0.15.11/lib:/tools/batonroot/rodin/devkits/lnx64/gmp-5.0.3/lib:/tools/batonroot/rodin/devkits/lnx64/ppl-0.11/lib:/tools/batonroot/rodin/devkits/python/libyaml-0.1.4/lib"
--- 
[0]mgmt:0x1040:0x7:[awsmgmt:2017.4.1:0]
Downloading xclbin ...

INFO: created kernels
  DATA: time loadXclbin  7065.878729 msec
INFO: transferred data to FPGA
  DATA: time copyToFpga  28.928945 msec
INFO: Executed kernel
  DATA: time callKernel  0.111117 msec
INFO: Transferred data from FPGA
  DATA: time copyFromFpga  15.330441 msec
  DATA: time total  7110.279652 msec
  DATA: time subtotalFpga  44.404840 msec
INFO: wrote 9756672 bytes to ../app_out0.bin
