GEMX:   ../../out_host/gemx_host.exe  ../gemx.xclbin  ../../out_host/app.bin ../app_out.bin
INFO: loading ../../out_host/app.bin of size 30547968
INFO: loaded 30547968 bytes from ../../out_host/app.bin
Linux:3.10.0-693.el7.x86_64:#1 SMP Thu Jul 6 19:56:57 EDT 2017:x86_64
Distribution: Red Hat Enterprise Linux Workstation release 7.4 (Maipo)
GLIBC: 2.17
--- 
XILINX_OPENCL="/proj/fisdata/fisusr/no_backup/results/head/sdaccel/SDX_CNN/gemx_Perf_run4Gemm_vu9p_short/TEST_WORK_segmm_20180416_230029_lnx64/out_hw/xbinst"
LD_LIBRARY_PATH="/proj/rdi-xco/xbuilds/2017.4_0415_1/installs/lin64/SDx/2017.4/../../../../internal_platforms/xilinx_vcu1525_dynamic_5_0/sw/lib/x84_64:/proj/fisdata/fisusr/no_backup/results/head/sdaccel/SDX_CNN/gemx_Perf_run4Gemm_vu9p_short/TEST_WORK_segmm_20180416_230029_lnx64/out_hw/xbinst/runtime/lib/x86_64/:/proj/fisdata/fisusr/no_backup/results/head/sdaccel/SDX_CNN/gemx_Perf_run4Gemm_vu9p_short/TEST_WORK_segmm_20180416_230029_lnx64/out_hw/xbinst/runtime/lib:/proj/rdi-xco/xbuilds/2017.4_0415_1/installs/lin64/SDx/2017.4/lnx64/tools/opencv:/proj/rdi-xco/xfndry/EDK_P.20131013/cust_rtf/lib/lin64:/proj/rdi-xco/xfndry/P_INT.20180321/cust_rtf/lib/lin64:/opt/xbinst/runtime/lib/x86_64:/group/xcofarm/lsf/10.1/linux3.10-glibc2.17-x86_64/lib:/group/xcofarm/lsf/10.1/linux2.6-glibc2.3-x86_64/lib:/tools/batonroot/rodin/devkits/lnx64/cloog-ppl-0.15.11/lib:/tools/batonroot/rodin/devkits/lnx64/gmp-5.0.3/lib:/tools/batonroot/rodin/devkits/lnx64/ppl-0.11/lib:/tools/batonroot/rodin/devkits/python/libyaml-0.1.4/lib"
--- 
Unable to open /sys/bus/pci/devices/0000:83:00.0/dr_base_addr
Could not open file: /sys/bus/pci/devices/0000:83:00.0/dr_base_addr
INFO: created kernels
  DATA: time loadXclbin  4903.257716 msec
INFO: transferred data to FPGA
  DATA: time copyToFpga  76.863209 msec
INFO: Executed kernel
  DATA: time callKernel  0.161189 msec
INFO: Transferred data from FPGA
  DATA: time copyFromFpga  121.346660 msec
  DATA: time total  5101.639421 msec
  DATA: time subtotalFpga  198.385585 msec
INFO: wrote 30547968 bytes to ../app_out0.bin
INFO: wrote 30547968 bytes to ../app_out1.bin
